<?xml version="1.0" encoding="UTF-8"?>
<coverage generated="1696330759919" clover="3.2.0">
  <project timestamp="1696330759919" name="All files">
    <metrics statements="32" coveredstatements="30" conditionals="13" coveredconditionals="11" methods="6" coveredmethods="6" elements="51" coveredelements="47" complexity="0" loc="32" ncloc="32" packages="1" files="2" classes="2"/>
    <file name="index.js" path="/Users/a1/Desktop/Projects/calculator-project/src/index.js">
      <metrics statements="31" coveredstatements="29" conditionals="13" coveredconditionals="11" methods="5" coveredmethods="5"/>
      <line num="7" count="1" type="stmt"/>
      <line num="8" count="2" type="stmt"/>
      <line num="9" count="2" type="cond" truecount="1" falsecount="1"/>
      <line num="10" count="0" type="stmt"/>
      <line num="12" count="2" type="stmt"/>
      <line num="13" count="2" type="stmt"/>
      <line num="16" count="1" type="stmt"/>
      <line num="17" count="1" type="stmt"/>
      <line num="18" count="1" type="stmt"/>
      <line num="19" count="1" type="stmt"/>
      <line num="20" count="1" type="stmt"/>
      <line num="21" count="5" type="cond" truecount="2" falsecount="0"/>
      <line num="22" count="1" type="stmt"/>
      <line num="23" count="4" type="cond" truecount="2" falsecount="0"/>
      <line num="24" count="2" type="stmt"/>
      <line num="25" count="2" type="cond" truecount="2" falsecount="0"/>
      <line num="26" count="1" type="stmt"/>
      <line num="30" count="1" type="stmt"/>
      <line num="32" count="1" type="stmt"/>
      <line num="35" count="1" type="stmt"/>
      <line num="36" count="1" type="stmt"/>
      <line num="37" count="1" type="stmt"/>
      <line num="38" count="1" type="stmt"/>
      <line num="39" count="1" type="stmt"/>
      <line num="40" count="5" type="cond" truecount="4" falsecount="1"/>
      <line num="42" count="2" type="stmt"/>
      <line num="44" count="1" type="stmt"/>
      <line num="46" count="1" type="stmt"/>
      <line num="48" count="1" type="stmt"/>
      <line num="50" count="0" type="stmt"/>
      <line num="53" count="1" type="stmt"/>
    </file>
    <file name="utils.js" path="/Users/a1/Desktop/Projects/calculator-project/src/utils.js">
      <metrics statements="1" coveredstatements="1" conditionals="0" coveredconditionals="0" methods="1" coveredmethods="1"/>
      <line num="3" count="3" type="stmt"/>
    </file>
  </project>
</coverage>
