{"/Users/a1/Desktop/Projects/calculator-project/src/index.js": {"path":"/Users/a1/Desktop/Projects/calculator-project/src/index.js","statementMap":{"0":{"start":{"line":7,"column":18},"end":{"line":14,"column":1}},"1":{"start":{"line":8,"column":18},"end":{"line":8,"column":40}},"2":{"start":{"line":9,"column":2},"end":{"line":11,"column":3}},"3":{"start":{"line":10,"column":4},"end":{"line":10,"column":11}},"4":{"start":{"line":12,"column":18},"end":{"line":12,"column":68}},"5":{"start":{"line":13,"column":2},"end":{"line":13,"column":29}},"6":{"start":{"line":16,"column":17},"end":{"line":33,"column":1}},"7":{"start":{"line":17,"column":16},"end":{"line":17,"column":33}},"8":{"start":{"line":18,"column":16},"end":{"line":18,"column":33}},"9":{"start":{"line":19,"column":15},"end":{"line":19,"column":43}},"10":{"start":{"line":20,"column":17},"end":{"line":31,"column":4}},"11":{"start":{"line":21,"column":4},"end":{"line":23,"column":5}},"12":{"start":{"line":22,"column":6},"end":{"line":22,"column":56}},"13":{"start":{"line":23,"column":6},"end":{"line":25,"column":5}},"14":{"start":{"line":24,"column":6},"end":{"line":24,"column":58}},"15":{"start":{"line":25,"column":6},"end":{"line":29,"column":5}},"16":{"start":{"line":26,"column":6},"end":{"line":28,"column":8}},"17":{"start":{"line":30,"column":4},"end":{"line":30,"column":58}},"18":{"start":{"line":32,"column":2},"end":{"line":32,"column":16}},"19":{"start":{"line":35,"column":16},"end":{"line":54,"column":1}},"20":{"start":{"line":36,"column":15},"end":{"line":36,"column":35}},"21":{"start":{"line":37,"column":15},"end":{"line":37,"column":35}},"22":{"start":{"line":38,"column":15},"end":{"line":38,"column":35}},"23":{"start":{"line":39,"column":16},"end":{"line":52,"column":4}},"24":{"start":{"line":40,"column":4},"end":{"line":51,"column":5}},"25":{"start":{"line":42,"column":8},"end":{"line":42,"column":48}},"26":{"start":{"line":44,"column":8},"end":{"line":44,"column":48}},"27":{"start":{"line":46,"column":8},"end":{"line":46,"column":48}},"28":{"start":{"line":48,"column":8},"end":{"line":48,"column":83}},"29":{"start":{"line":50,"column":8},"end":{"line":50,"column":20}},"30":{"start":{"line":53,"column":2},"end":{"line":53,"column":37}}},"fnMap":{"0":{"name":"(anonymous_0)","decl":{"start":{"line":7,"column":18},"end":{"line":7,"column":19}},"loc":{"start":{"line":7,"column":32},"end":{"line":14,"column":1}},"line":7},"1":{"name":"(anonymous_1)","decl":{"start":{"line":16,"column":17},"end":{"line":16,"column":18}},"loc":{"start":{"line":16,"column":33},"end":{"line":33,"column":1}},"line":16},"2":{"name":"(anonymous_2)","decl":{"start":{"line":20,"column":26},"end":{"line":20,"column":27}},"loc":{"start":{"line":20,"column":35},"end":{"line":31,"column":3}},"line":20},"3":{"name":"(anonymous_3)","decl":{"start":{"line":35,"column":16},"end":{"line":35,"column":17}},"loc":{"start":{"line":35,"column":42},"end":{"line":54,"column":1}},"line":35},"4":{"name":"(anonymous_4)","decl":{"start":{"line":39,"column":25},"end":{"line":39,"column":26}},"loc":{"start":{"line":39,"column":35},"end":{"line":52,"column":3}},"line":39}},"branchMap":{"0":{"loc":{"start":{"line":9,"column":2},"end":{"line":11,"column":3}},"type":"if","locations":[{"start":{"line":9,"column":2},"end":{"line":11,"column":3}},{"start":{},"end":{}}],"line":9},"1":{"loc":{"start":{"line":21,"column":4},"end":{"line":23,"column":5}},"type":"if","locations":[{"start":{"line":21,"column":4},"end":{"line":23,"column":5}},{"start":{},"end":{}}],"line":21},"2":{"loc":{"start":{"line":23,"column":6},"end":{"line":25,"column":5}},"type":"if","locations":[{"start":{"line":23,"column":6},"end":{"line":25,"column":5}},{"start":{},"end":{}}],"line":23},"3":{"loc":{"start":{"line":25,"column":6},"end":{"line":29,"column":5}},"type":"if","locations":[{"start":{"line":25,"column":6},"end":{"line":29,"column":5}},{"start":{},"end":{}}],"line":25},"4":{"loc":{"start":{"line":40,"column":4},"end":{"line":51,"column":5}},"type":"switch","locations":[{"start":{"line":41,"column":6},"end":{"line":42,"column":48}},{"start":{"line":43,"column":6},"end":{"line":44,"column":48}},{"start":{"line":45,"column":6},"end":{"line":46,"column":48}},{"start":{"line":47,"column":6},"end":{"line":48,"column":83}},{"start":{"line":49,"column":6},"end":{"line":50,"column":20}}],"line":40}},"s":{"0":1,"1":2,"2":2,"3":0,"4":2,"5":2,"6":1,"7":1,"8":1,"9":1,"10":1,"11":5,"12":1,"13":4,"14":2,"15":2,"16":1,"17":1,"18":1,"19":1,"20":1,"21":1,"22":1,"23":1,"24":5,"25":2,"26":1,"27":1,"28":1,"29":0,"30":1},"f":{"0":2,"1":1,"2":5,"3":1,"4":5},"b":{"0":[0,2],"1":[1,4],"2":[2,2],"3":[1,1],"4":[2,1,1,1,0]},"_coverageSchema":"1a1c01bbd47fc00a2c39e90264f33305004495a9","hash":"fed55e03d764502d1d5862f7bf1d2e2a4db0f5ff"}
,"/Users/a1/Desktop/Projects/calculator-project/src/utils.js": {"path":"/Users/a1/Desktop/Projects/calculator-project/src/utils.js","statementMap":{"0":{"start":{"line":3,"column":33},"end":{"line":3,"column":85}},"1":{"start":{"line":3,"column":47},"end":{"line":3,"column":85}}},"fnMap":{"0":{"name":"(anonymous_0)","decl":{"start":{"line":3,"column":33},"end":{"line":3,"column":34}},"loc":{"start":{"line":3,"column":47},"end":{"line":3,"column":85}},"line":3}},"branchMap":{},"s":{"0":1,"1":3},"f":{"0":3},"b":{},"_coverageSchema":"1a1c01bbd47fc00a2c39e90264f33305004495a9","hash":"843b102415c3596f16e8101e40794713b0f9e53d"}
}
