TN:
SF:src/index.js
FN:7,(anonymous_0)
FN:16,(anonymous_1)
FN:20,(anonymous_2)
FN:35,(anonymous_3)
FN:39,(anonymous_4)
FNF:5
FNH:5
FNDA:2,(anonymous_0)
FNDA:1,(anonymous_1)
FNDA:5,(anonymous_2)
FNDA:1,(anonymous_3)
FNDA:5,(anonymous_4)
DA:7,1
DA:8,2
DA:9,2
DA:10,0
DA:12,2
DA:13,2
DA:16,1
DA:17,1
DA:18,1
DA:19,1
DA:20,1
DA:21,5
DA:22,1
DA:23,4
DA:24,2
DA:25,2
DA:26,1
DA:30,1
DA:32,1
DA:35,1
DA:36,1
DA:37,1
DA:38,1
DA:39,1
DA:40,5
DA:42,2
DA:44,1
DA:46,1
DA:48,1
DA:50,0
DA:53,1
LF:31
LH:29
BRDA:9,0,0,0
BRDA:9,0,1,2
BRDA:21,1,0,1
BRDA:21,1,1,4
BRDA:23,2,0,2
BRDA:23,2,1,2
BRDA:25,3,0,1
BRDA:25,3,1,1
BRDA:40,4,0,2
BRDA:40,4,1,1
BRDA:40,4,2,1
BRDA:40,4,3,1
BRDA:40,4,4,0
BRF:13
BRH:11
end_of_record
TN:
SF:src/utils.js
FN:3,(anonymous_0)
FNF:1
FNH:1
FNDA:3,(anonymous_0)
DA:3,3
LF:1
LH:1
BRF:0
BRH:0
end_of_record
